Demo-Topic-main/app/build/intermediates/manifest_merge_blame_file/release/manifest-merger-blame-release-report.txt
1<?xml version="1.0" encoding="utf-8"?>
2<manifest xmlns:android="http://schemas.android.com/apk/res/android"
3    package="com.example.checkdate"
4    android:versionCode="1"
5    android:versionName="1.0" >
6
7    <uses-sdk
8        android:minSdkVersion="22"
8-->src\main\AndroidManifest.xml
9        android:targetSdkVersion="32" />
9-->src\main\AndroidManifest.xml
10
11    <application
11-->src\main\AndroidManifest.xml:6:5-25:19
12        android:allowBackup="true"
12-->src\main\AndroidManifest.xml:7:9-35
13        android:appComponentFactory="androidx.core.app.CoreComponentFactory"
13-->[androidx.core:core:1.5.0] AndroidManifest.xml:24:18-86
14        android:dataExtractionRules="@xml/data_extraction_rules"
14-->src\main\AndroidManifest.xml:8:9-65
15        android:fullBackupContent="@xml/backup_rules"
15-->src\main\AndroidManifest.xml:9:9-54
16        android:icon="@mipmap/ic_launcher"
16-->src\main\AndroidManifest.xml:10:9-43
17        android:label="@string/app_name"
17-->src\main\AndroidManifest.xml:11:9-41
18        android:roundIcon="@mipmap/ic_launcher_round"
18-->src\main\AndroidManifest.xml:12:9-54
19        android:supportsRtl="true"
19-->src\main\AndroidManifest.xml:13:9-35
20        android:theme="@style/Theme.CheckDate" >
20-->src\main\AndroidManifest.xml:14:9-47
21        <activity
21-->src\main\AndroidManifest.xml:16:9-24:20
22            android:name="com.example.checkdate.MainActivity"
22-->src\main\AndroidManifest.xml:17:13-41
23            android:exported="true" >
23-->src\main\AndroidManifest.xml:18:13-36
24            <intent-filter>
24-->src\main\AndroidManifest.xml:19:13-23:29
25                <action android:name="android.intent.action.MAIN" />
25-->src\main\AndroidManifest.xml:20:17-69
25-->src\main\AndroidManifest.xml:20:25-66
26
27                <category android:name="android.intent.category.LAUNCHER" />
27-->src\main\AndroidManifest.xml:22:17-77
27-->src\main\AndroidManifest.xml:22:27-74
28            </intent-filter>
29        </activity>
30    </application>
31
32</manifest>